kill 772
kill 789
kill 793
kill 805
kill 1383
kill 1394
kill 1471
kill 1482
kill 1615
kill 1626
kill 1803
kill 1814
kill 1956
kill 1967
kill 1984
kill 1995
kill 777
kill 788
kill 1760
kill 1771
kill 5623
kill 5634
kill 794
kill 815
kill 1219
kill 1230
kill 2288
kill 2299
kill 3153
kill 3164
kill 10270
kill 10281
kill 10417
kill 10428
kill 13091
kill 13102
kill 13203
kill 13214
kill 14194
kill 14205
kill 15395
kill 15406
kill 15452
kill 15463
kill 19980
kill 19991
kill 815
kill 836
kill 822
kill 841
kill 4246
kill 4257
kill 570
kill 585
kill 1776
kill 1787
kill 710
kill 727
kill 2100
kill 2111
kill 2651
kill 2662
kill 2970
kill 2981
kill 3434
kill 3445
kill 3862
kill 3873
kill 4155
kill 4166
kill 21763
kill 21774
kill 751
kill 767
kill 766
kill 778
kill 893
kill 964
kill 9404
kill 9415
kill 13791
kill 13802
kill 733
kill 744
kill 5344
kill 5355
kill 5844
kill 5855
kill 744
kill 761
kill 636
kill 656
kill 842
kill 855
kill 6989
kill 7000
kill 8565
kill 8576
kill 8721
kill 8732
